<?xml version="1.0" encoding="UTF-8"?>
<!-- Generated by org.testng.reporters.JUnitXMLReporter -->
<testsuite ignored="0" hostname="DESKTOP-NQMJ256" failures="0" tests="6" name="Test" time="124.221" errors="0" timestamp="2022-09-01T16:14:29 IST">
  <testcase classname="Tese_Case.Log_In_test" name="TC_1_Login_Test" time="24.176"/>
  <testcase classname="Tese_Case.Log_In_test" name="TC_1_Login_Test" time="7.185"/>
  <testcase classname="Tese_Case.Log_In_test" name="TC_1_Login_Test" time="7.076"/>
  <testcase classname="Tese_Case.Log_In_test" name="TC_1_Login_Test" time="10.06"/>
  <testcase classname="Tese_Case.Log_In_test" name="TC_1_Login_Test" time="7.093"/>
  <testcase classname="Tese_Case.Log_In_test" name="TC_1_Login_Test" time="6.744"/>
</testsuite> <!-- Test -->
