<?xml version="1.0" encoding="UTF-8"?>
<testng-results ignored="0" total="12" passed="12" failed="0" skipped="0">
  <reporter-output>
  </reporter-output>
  <suite started-at="2022-09-06T19:04:01 IST" name="Suite" finished-at="2022-09-06T19:07:12 IST" duration-ms="190759">
    <groups>
    </groups>
    <test started-at="2022-09-06T19:04:01 IST" name="Test" finished-at="2022-09-06T19:07:12 IST" duration-ms="190759">
      <class name="Test_Case.Sign_up_now_Test">
        <test-method is-config="true" signature="Initialization_SignUp(java.lang.String)[pri:0, instance:Test_Case.Sign_up_now_Test@37d4349f]" started-at="2022-09-06T19:05:48 IST" name="Initialization_SignUp" finished-at="2022-09-06T19:05:55 IST" duration-ms="6956" status="PASS">
          <params>
            <param index="0">
              <value>
                <![CDATA[Chrome]]>
              </value>
            </param>
          </params>
          <reporter-output>
          </reporter-output>
        </test-method> <!-- Initialization_SignUp -->
        <test-method signature="SingUp_Email_Test(java.lang.String,java.lang.String,java.lang.String,java.lang.String,java.lang.String,java.lang.String,java.lang.String,java.lang.String,java.lang.String)[pri:1, instance:Test_Case.Sign_up_now_Test@37d4349f]" started-at="2022-09-06T19:05:55 IST" name="SingUp_Email_Test" data-provider="SignUp_Data" finished-at="2022-09-06T19:06:02 IST" duration-ms="7503" status="PASS">
          <params>
            <param index="0">
              <value>
                <![CDATA[Akashsaha17051997@gmail.com]]>
              </value>
            </param>
            <param index="1">
              <value>
                <![CDATA[Akash@199705]]>
              </value>
            </param>
            <param index="2">
              <value>
                <![CDATA[Akash@199705]]>
              </value>
            </param>
            <param index="3">
              <value>
                <![CDATA[Akash]]>
              </value>
            </param>
            <param index="4">
              <value>
                <![CDATA[Saha]]>
              </value>
            </param>
            <param index="5">
              <value>
                <![CDATA[17]]>
              </value>
            </param>
            <param index="6">
              <value>
                <![CDATA[05]]>
              </value>
            </param>
            <param index="7">
              <value>
                <![CDATA[1997]]>
              </value>
            </param>
            <param index="8">
              <value>
                <![CDATA[Yes]]>
              </value>
            </param>
          </params>
          <reporter-output>
          </reporter-output>
        </test-method> <!-- SingUp_Email_Test -->
        <test-method is-config="true" signature="tearDwon()[pri:0, instance:Test_Case.Sign_up_now_Test@37d4349f]" started-at="2022-09-06T19:06:02 IST" name="tearDwon" finished-at="2022-09-06T19:06:02 IST" duration-ms="87" status="PASS">
          <reporter-output>
          </reporter-output>
        </test-method> <!-- tearDwon -->
        <test-method is-config="true" signature="Initialization_SignUp(java.lang.String)[pri:0, instance:Test_Case.Sign_up_now_Test@37d4349f]" started-at="2022-09-06T19:06:02 IST" name="Initialization_SignUp" finished-at="2022-09-06T19:06:09 IST" duration-ms="7039" status="PASS">
          <params>
            <param index="0">
              <value>
                <![CDATA[Chrome]]>
              </value>
            </param>
          </params>
          <reporter-output>
          </reporter-output>
        </test-method> <!-- Initialization_SignUp -->
        <test-method signature="SingUp_Email_Test(java.lang.String,java.lang.String,java.lang.String,java.lang.String,java.lang.String,java.lang.String,java.lang.String,java.lang.String,java.lang.String)[pri:1, instance:Test_Case.Sign_up_now_Test@37d4349f]" started-at="2022-09-06T19:06:09 IST" name="SingUp_Email_Test" data-provider="SignUp_Data" finished-at="2022-09-06T19:06:17 IST" duration-ms="7684" status="PASS">
          <params>
            <param index="0">
              <value>
                <![CDATA[Akashsaha17051997]]>
              </value>
            </param>
            <param index="1">
              <value>
                <![CDATA[Akash@1997]]>
              </value>
            </param>
            <param index="2">
              <value>
                <![CDATA[Akash@199]]>
              </value>
            </param>
            <param index="3">
              <value>
                <![CDATA[11111]]>
              </value>
            </param>
            <param index="4">
              <value>
                <![CDATA[22222]]>
              </value>
            </param>
            <param index="5">
              <value>
                <![CDATA[17]]>
              </value>
            </param>
            <param index="6">
              <value>
                <![CDATA[05]]>
              </value>
            </param>
            <param index="7">
              <value>
                <![CDATA[1997]]>
              </value>
            </param>
            <param index="8">
              <value>
                <![CDATA[Not_Same]]>
              </value>
            </param>
          </params>
          <reporter-output>
          </reporter-output>
        </test-method> <!-- SingUp_Email_Test -->
        <test-method is-config="true" signature="tearDwon()[pri:0, instance:Test_Case.Sign_up_now_Test@37d4349f]" started-at="2022-09-06T19:06:17 IST" name="tearDwon" finished-at="2022-09-06T19:06:17 IST" duration-ms="104" status="PASS">
          <reporter-output>
          </reporter-output>
        </test-method> <!-- tearDwon -->
        <test-method is-config="true" signature="Initialization_SignUp(java.lang.String)[pri:0, instance:Test_Case.Sign_up_now_Test@37d4349f]" started-at="2022-09-06T19:06:17 IST" name="Initialization_SignUp" finished-at="2022-09-06T19:06:25 IST" duration-ms="8118" status="PASS">
          <params>
            <param index="0">
              <value>
                <![CDATA[Chrome]]>
              </value>
            </param>
          </params>
          <reporter-output>
          </reporter-output>
        </test-method> <!-- Initialization_SignUp -->
        <test-method signature="SingUp_Email_Test(java.lang.String,java.lang.String,java.lang.String,java.lang.String,java.lang.String,java.lang.String,java.lang.String,java.lang.String,java.lang.String)[pri:1, instance:Test_Case.Sign_up_now_Test@37d4349f]" started-at="2022-09-06T19:06:25 IST" name="SingUp_Email_Test" data-provider="SignUp_Data" finished-at="2022-09-06T19:06:32 IST" duration-ms="6378" status="PASS">
          <params>
            <param index="0">
              <value>
                <![CDATA[!@#!@#$%^&*()_+]]>
              </value>
            </param>
            <param index="1">
              <value>
                <![CDATA[55555]]>
              </value>
            </param>
            <param index="2">
              <value>
                <![CDATA[55555.0]]>
              </value>
            </param>
            <param index="3">
              <value>
                <![CDATA[11111]]>
              </value>
            </param>
            <param index="4">
              <value>
                <![CDATA[22222]]>
              </value>
            </param>
            <param index="5">
              <value>
                <![CDATA[17]]>
              </value>
            </param>
            <param index="6">
              <value>
                <![CDATA[05]]>
              </value>
            </param>
            <param index="7">
              <value>
                <![CDATA[1997]]>
              </value>
            </param>
            <param index="8">
              <value>
                <![CDATA[No]]>
              </value>
            </param>
          </params>
          <reporter-output>
          </reporter-output>
        </test-method> <!-- SingUp_Email_Test -->
        <test-method is-config="true" signature="tearDwon()[pri:0, instance:Test_Case.Sign_up_now_Test@37d4349f]" started-at="2022-09-06T19:06:32 IST" name="tearDwon" finished-at="2022-09-06T19:06:32 IST" duration-ms="87" status="PASS">
          <reporter-output>
          </reporter-output>
        </test-method> <!-- tearDwon -->
        <test-method is-config="true" signature="Initialization_SignUp(java.lang.String)[pri:0, instance:Test_Case.Sign_up_now_Test@37d4349f]" started-at="2022-09-06T19:06:32 IST" name="Initialization_SignUp" finished-at="2022-09-06T19:06:39 IST" duration-ms="7734" status="PASS">
          <params>
            <param index="0">
              <value>
                <![CDATA[Chrome]]>
              </value>
            </param>
          </params>
          <reporter-output>
          </reporter-output>
        </test-method> <!-- Initialization_SignUp -->
        <test-method signature="SingUp_Password_Test(java.lang.String,java.lang.String,java.lang.String,java.lang.String,java.lang.String,java.lang.String,java.lang.String,java.lang.String,java.lang.String)[pri:2, instance:Test_Case.Sign_up_now_Test@37d4349f]" started-at="2022-09-06T19:06:39 IST" name="SingUp_Password_Test" data-provider="SignUp_Data" finished-at="2022-09-06T19:06:45 IST" duration-ms="5088" status="PASS">
          <params>
            <param index="0">
              <value>
                <![CDATA[Akashsaha17051997@gmail.com]]>
              </value>
            </param>
            <param index="1">
              <value>
                <![CDATA[Akash@199705]]>
              </value>
            </param>
            <param index="2">
              <value>
                <![CDATA[Akash@199705]]>
              </value>
            </param>
            <param index="3">
              <value>
                <![CDATA[Akash]]>
              </value>
            </param>
            <param index="4">
              <value>
                <![CDATA[Saha]]>
              </value>
            </param>
            <param index="5">
              <value>
                <![CDATA[17]]>
              </value>
            </param>
            <param index="6">
              <value>
                <![CDATA[05]]>
              </value>
            </param>
            <param index="7">
              <value>
                <![CDATA[1997]]>
              </value>
            </param>
            <param index="8">
              <value>
                <![CDATA[Yes]]>
              </value>
            </param>
          </params>
          <reporter-output>
          </reporter-output>
        </test-method> <!-- SingUp_Password_Test -->
        <test-method is-config="true" signature="tearDwon()[pri:0, instance:Test_Case.Sign_up_now_Test@37d4349f]" started-at="2022-09-06T19:06:45 IST" name="tearDwon" finished-at="2022-09-06T19:06:45 IST" duration-ms="104" status="PASS">
          <reporter-output>
          </reporter-output>
        </test-method> <!-- tearDwon -->
        <test-method is-config="true" signature="Initialization_SignUp(java.lang.String)[pri:0, instance:Test_Case.Sign_up_now_Test@37d4349f]" started-at="2022-09-06T19:06:45 IST" name="Initialization_SignUp" finished-at="2022-09-06T19:06:52 IST" duration-ms="7001" status="PASS">
          <params>
            <param index="0">
              <value>
                <![CDATA[Chrome]]>
              </value>
            </param>
          </params>
          <reporter-output>
          </reporter-output>
        </test-method> <!-- Initialization_SignUp -->
        <test-method signature="SingUp_Password_Test(java.lang.String,java.lang.String,java.lang.String,java.lang.String,java.lang.String,java.lang.String,java.lang.String,java.lang.String,java.lang.String)[pri:2, instance:Test_Case.Sign_up_now_Test@37d4349f]" started-at="2022-09-06T19:06:52 IST" name="SingUp_Password_Test" data-provider="SignUp_Data" finished-at="2022-09-06T19:06:58 IST" duration-ms="6315" status="PASS">
          <params>
            <param index="0">
              <value>
                <![CDATA[Akashsaha17051997]]>
              </value>
            </param>
            <param index="1">
              <value>
                <![CDATA[Akash@1997]]>
              </value>
            </param>
            <param index="2">
              <value>
                <![CDATA[Akash@199]]>
              </value>
            </param>
            <param index="3">
              <value>
                <![CDATA[11111]]>
              </value>
            </param>
            <param index="4">
              <value>
                <![CDATA[22222]]>
              </value>
            </param>
            <param index="5">
              <value>
                <![CDATA[17]]>
              </value>
            </param>
            <param index="6">
              <value>
                <![CDATA[05]]>
              </value>
            </param>
            <param index="7">
              <value>
                <![CDATA[1997]]>
              </value>
            </param>
            <param index="8">
              <value>
                <![CDATA[Not_Same]]>
              </value>
            </param>
          </params>
          <reporter-output>
          </reporter-output>
        </test-method> <!-- SingUp_Password_Test -->
        <test-method is-config="true" signature="tearDwon()[pri:0, instance:Test_Case.Sign_up_now_Test@37d4349f]" started-at="2022-09-06T19:06:58 IST" name="tearDwon" finished-at="2022-09-06T19:06:58 IST" duration-ms="89" status="PASS">
          <reporter-output>
          </reporter-output>
        </test-method> <!-- tearDwon -->
        <test-method is-config="true" signature="Initialization_SignUp(java.lang.String)[pri:0, instance:Test_Case.Sign_up_now_Test@37d4349f]" started-at="2022-09-06T19:06:58 IST" name="Initialization_SignUp" finished-at="2022-09-06T19:07:07 IST" duration-ms="8627" status="PASS">
          <params>
            <param index="0">
              <value>
                <![CDATA[Chrome]]>
              </value>
            </param>
          </params>
          <reporter-output>
          </reporter-output>
        </test-method> <!-- Initialization_SignUp -->
        <test-method signature="SingUp_Password_Test(java.lang.String,java.lang.String,java.lang.String,java.lang.String,java.lang.String,java.lang.String,java.lang.String,java.lang.String,java.lang.String)[pri:2, instance:Test_Case.Sign_up_now_Test@37d4349f]" started-at="2022-09-06T19:07:07 IST" name="SingUp_Password_Test" data-provider="SignUp_Data" finished-at="2022-09-06T19:07:12 IST" duration-ms="5079" status="PASS">
          <params>
            <param index="0">
              <value>
                <![CDATA[!@#!@#$%^&*()_+]]>
              </value>
            </param>
            <param index="1">
              <value>
                <![CDATA[55555]]>
              </value>
            </param>
            <param index="2">
              <value>
                <![CDATA[55555.0]]>
              </value>
            </param>
            <param index="3">
              <value>
                <![CDATA[11111]]>
              </value>
            </param>
            <param index="4">
              <value>
                <![CDATA[22222]]>
              </value>
            </param>
            <param index="5">
              <value>
                <![CDATA[17]]>
              </value>
            </param>
            <param index="6">
              <value>
                <![CDATA[05]]>
              </value>
            </param>
            <param index="7">
              <value>
                <![CDATA[1997]]>
              </value>
            </param>
            <param index="8">
              <value>
                <![CDATA[No]]>
              </value>
            </param>
          </params>
          <reporter-output>
          </reporter-output>
        </test-method> <!-- SingUp_Password_Test -->
        <test-method is-config="true" signature="tearDwon()[pri:0, instance:Test_Case.Sign_up_now_Test@37d4349f]" started-at="2022-09-06T19:07:12 IST" name="tearDwon" finished-at="2022-09-06T19:07:12 IST" duration-ms="87" status="PASS">
          <reporter-output>
          </reporter-output>
        </test-method> <!-- tearDwon -->
      </class> <!-- Test_Case.Sign_up_now_Test -->
      <class name="Test_Case.Log_In_test">
        <test-method is-config="true" signature="Intial_Sign_In_test(java.lang.String)[pri:0, instance:Test_Case.Log_In_test@383bfa16]" started-at="2022-09-06T19:04:01 IST" name="Intial_Sign_In_test" finished-at="2022-09-06T19:04:11 IST" duration-ms="9090" status="PASS">
          <params>
            <param index="0">
              <value>
                <![CDATA[Chrome]]>
              </value>
            </param>
          </params>
          <reporter-output>
          </reporter-output>
        </test-method> <!-- Intial_Sign_In_test -->
        <test-method signature="TC_1_Login_Test(java.lang.String,java.lang.String,java.lang.String)[pri:1, instance:Test_Case.Log_In_test@383bfa16]" started-at="2022-09-06T19:04:11 IST" name="TC_1_Login_Test" data-provider="LoginData" finished-at="2022-09-06T19:04:28 IST" duration-ms="17560" status="PASS">
          <params>
            <param index="0">
              <value>
                <![CDATA[Akashsaha17051997@gmail.com]]>
              </value>
            </param>
            <param index="1">
              <value>
                <![CDATA[Akash@199705]]>
              </value>
            </param>
            <param index="2">
              <value>
                <![CDATA[Yes]]>
              </value>
            </param>
          </params>
          <reporter-output>
          </reporter-output>
        </test-method> <!-- TC_1_Login_Test -->
        <test-method is-config="true" signature="TearDown()[pri:0, instance:Test_Case.Log_In_test@383bfa16]" started-at="2022-09-06T19:04:28 IST" name="TearDown" finished-at="2022-09-06T19:04:28 IST" duration-ms="118" status="PASS">
          <reporter-output>
          </reporter-output>
        </test-method> <!-- TearDown -->
        <test-method is-config="true" signature="Intial_Sign_In_test(java.lang.String)[pri:0, instance:Test_Case.Log_In_test@383bfa16]" started-at="2022-09-06T19:04:28 IST" name="Intial_Sign_In_test" finished-at="2022-09-06T19:04:37 IST" duration-ms="9213" status="PASS">
          <params>
            <param index="0">
              <value>
                <![CDATA[Chrome]]>
              </value>
            </param>
          </params>
          <reporter-output>
          </reporter-output>
        </test-method> <!-- Intial_Sign_In_test -->
        <test-method signature="TC_1_Login_Test(java.lang.String,java.lang.String,java.lang.String)[pri:1, instance:Test_Case.Log_In_test@383bfa16]" started-at="2022-09-06T19:04:37 IST" name="TC_1_Login_Test" data-provider="LoginData" finished-at="2022-09-06T19:04:46 IST" duration-ms="8383" status="PASS">
          <params>
            <param index="0">
              <value>
                <![CDATA[!@#$%^^&]]>
              </value>
            </param>
            <param index="1">
              <value>
                <![CDATA[Akash@199]]>
              </value>
            </param>
            <param index="2">
              <value>
                <![CDATA[No]]>
              </value>
            </param>
          </params>
          <reporter-output>
          </reporter-output>
        </test-method> <!-- TC_1_Login_Test -->
        <test-method is-config="true" signature="TearDown()[pri:0, instance:Test_Case.Log_In_test@383bfa16]" started-at="2022-09-06T19:04:46 IST" name="TearDown" finished-at="2022-09-06T19:04:46 IST" duration-ms="85" status="PASS">
          <reporter-output>
          </reporter-output>
        </test-method> <!-- TearDown -->
        <test-method is-config="true" signature="Intial_Sign_In_test(java.lang.String)[pri:0, instance:Test_Case.Log_In_test@383bfa16]" started-at="2022-09-06T19:04:46 IST" name="Intial_Sign_In_test" finished-at="2022-09-06T19:04:54 IST" duration-ms="8485" status="PASS">
          <params>
            <param index="0">
              <value>
                <![CDATA[Chrome]]>
              </value>
            </param>
          </params>
          <reporter-output>
          </reporter-output>
        </test-method> <!-- Intial_Sign_In_test -->
        <test-method signature="TC_1_Login_Test(java.lang.String,java.lang.String,java.lang.String)[pri:1, instance:Test_Case.Log_In_test@383bfa16]" started-at="2022-09-06T19:04:54 IST" name="TC_1_Login_Test" data-provider="LoginData" finished-at="2022-09-06T19:05:01 IST" duration-ms="6578" status="PASS">
          <params>
            <param index="0">
              <value>
                <![CDATA[4124.0]]>
              </value>
            </param>
            <param index="1">
              <value>
                <![CDATA[Akash@1997010]]>
              </value>
            </param>
            <param index="2">
              <value>
                <![CDATA[No]]>
              </value>
            </param>
          </params>
          <reporter-output>
          </reporter-output>
        </test-method> <!-- TC_1_Login_Test -->
        <test-method is-config="true" signature="TearDown()[pri:0, instance:Test_Case.Log_In_test@383bfa16]" started-at="2022-09-06T19:05:01 IST" name="TearDown" finished-at="2022-09-06T19:05:01 IST" duration-ms="105" status="PASS">
          <reporter-output>
          </reporter-output>
        </test-method> <!-- TearDown -->
        <test-method is-config="true" signature="Intial_Sign_In_test(java.lang.String)[pri:0, instance:Test_Case.Log_In_test@383bfa16]" started-at="2022-09-06T19:05:01 IST" name="Intial_Sign_In_test" finished-at="2022-09-06T19:05:08 IST" duration-ms="7153" status="PASS">
          <params>
            <param index="0">
              <value>
                <![CDATA[Chrome]]>
              </value>
            </param>
          </params>
          <reporter-output>
          </reporter-output>
        </test-method> <!-- Intial_Sign_In_test -->
        <test-method signature="TC_1_Login_Test(java.lang.String,java.lang.String,java.lang.String)[pri:1, instance:Test_Case.Log_In_test@383bfa16]" started-at="2022-09-06T19:05:08 IST" name="TC_1_Login_Test" data-provider="LoginData" finished-at="2022-09-06T19:05:15 IST" duration-ms="6477" status="PASS">
          <params>
            <param index="0">
              <value>
                <![CDATA[Akashsaha1705424@gmail.com]]>
              </value>
            </param>
            <param index="1">
              <value>
                <![CDATA[Akash@19975417425]]>
              </value>
            </param>
            <param index="2">
              <value>
                <![CDATA[No]]>
              </value>
            </param>
          </params>
          <reporter-output>
          </reporter-output>
        </test-method> <!-- TC_1_Login_Test -->
        <test-method is-config="true" signature="TearDown()[pri:0, instance:Test_Case.Log_In_test@383bfa16]" started-at="2022-09-06T19:05:15 IST" name="TearDown" finished-at="2022-09-06T19:05:15 IST" duration-ms="86" status="PASS">
          <reporter-output>
          </reporter-output>
        </test-method> <!-- TearDown -->
        <test-method is-config="true" signature="Intial_Sign_In_test(java.lang.String)[pri:0, instance:Test_Case.Log_In_test@383bfa16]" started-at="2022-09-06T19:05:15 IST" name="Intial_Sign_In_test" finished-at="2022-09-06T19:05:24 IST" duration-ms="8809" status="PASS">
          <params>
            <param index="0">
              <value>
                <![CDATA[Chrome]]>
              </value>
            </param>
          </params>
          <reporter-output>
          </reporter-output>
        </test-method> <!-- Intial_Sign_In_test -->
        <test-method signature="TC_1_Login_Test(java.lang.String,java.lang.String,java.lang.String)[pri:1, instance:Test_Case.Log_In_test@383bfa16]" started-at="2022-09-06T19:05:24 IST" name="TC_1_Login_Test" data-provider="LoginData" finished-at="2022-09-06T19:05:31 IST" duration-ms="7272" status="PASS">
          <params>
            <param index="0">
              <value>
                <![CDATA[Akashsaha174705@gmail.com]]>
              </value>
            </param>
            <param index="1">
              <value>
                <![CDATA[Akash@1997412412]]>
              </value>
            </param>
            <param index="2">
              <value>
                <![CDATA[No]]>
              </value>
            </param>
          </params>
          <reporter-output>
          </reporter-output>
        </test-method> <!-- TC_1_Login_Test -->
        <test-method is-config="true" signature="TearDown()[pri:0, instance:Test_Case.Log_In_test@383bfa16]" started-at="2022-09-06T19:05:31 IST" name="TearDown" finished-at="2022-09-06T19:05:31 IST" duration-ms="104" status="PASS">
          <reporter-output>
          </reporter-output>
        </test-method> <!-- TearDown -->
        <test-method is-config="true" signature="Intial_Sign_In_test(java.lang.String)[pri:0, instance:Test_Case.Log_In_test@383bfa16]" started-at="2022-09-06T19:05:31 IST" name="Intial_Sign_In_test" finished-at="2022-09-06T19:05:40 IST" duration-ms="9066" status="PASS">
          <params>
            <param index="0">
              <value>
                <![CDATA[Chrome]]>
              </value>
            </param>
          </params>
          <reporter-output>
          </reporter-output>
        </test-method> <!-- Intial_Sign_In_test -->
        <test-method signature="TC_1_Login_Test(java.lang.String,java.lang.String,java.lang.String)[pri:1, instance:Test_Case.Log_In_test@383bfa16]" started-at="2022-09-06T19:05:40 IST" name="TC_1_Login_Test" data-provider="LoginData" finished-at="2022-09-06T19:05:48 IST" duration-ms="7569" status="PASS">
          <params>
            <param index="0">
              <value>
                <![CDATA[Akashsaha1714505@gmail.com]]>
              </value>
            </param>
            <param index="1">
              <value>
                <![CDATA[4141.0]]>
              </value>
            </param>
            <param index="2">
              <value>
                <![CDATA[No]]>
              </value>
            </param>
          </params>
          <reporter-output>
          </reporter-output>
        </test-method> <!-- TC_1_Login_Test -->
        <test-method is-config="true" signature="TearDown()[pri:0, instance:Test_Case.Log_In_test@383bfa16]" started-at="2022-09-06T19:05:48 IST" name="TearDown" finished-at="2022-09-06T19:05:48 IST" duration-ms="101" status="PASS">
          <reporter-output>
          </reporter-output>
        </test-method> <!-- TearDown -->
      </class> <!-- Test_Case.Log_In_test -->
    </test> <!-- Test -->
  </suite> <!-- Suite -->
</testng-results>
